<?xml version="1.0" encoding="UTF-8"?>
<testsuite xmlns:xsi="http://www.w3.org/2001/XMLSchema-instance" xsi:noNamespaceSchemaLocation="https://maven.apache.org/surefire/maven-surefire-plugin/xsd/surefire-test-report-3.0.xsd" version="3.0" name="com.example.blooddonationapp.BloodDonationAppApplicationTests" time="5.081" tests="1" errors="0" skipped="0" failures="0">
  <properties>
[...]
</properties>
  <testcase name="contextLoads" classname="com.example.blooddonationapp.BloodDonationAppApplicationTests" time="0.519">
    <system-out><![CDATA[09:36:02.551 [main] INFO org.springframework.test.context.support.AnnotationConfigContextLoaderUtils -- Could not detect default configuration classes for test class [com.example.blooddonationapp.BloodDonationAppApplicationTests]: BloodDonationAppApplicationTests does not declare any static, non-private, non-final, nested classes annotated with @Configuration.
09:36:02.695 [main] INFO org.springframework.boot.test.context.SpringBootTestContextBootstrapper -- Found @SpringBootConfiguration com.example.blooddonationapp.BloodDonationAppApplication for test class com.example.blooddonationapp.BloodDonationAppApplicationTests

  .   ____          _            __ _ _
 /\\ / ___'_ __ _ _(_)_ __  __ _ \ \ \ \
( ( )\___ | '_ | '_| | '_ \/ _` | \ \ \ \
 \\/  ___)| |_)| | | | | || (_| |  ) ) ) )
  '  |____| .__|_| |_|_| |_\__, | / / / /
 =========|_|==============|___/=/_/_/_/
 :: Spring Boot ::                (v3.1.4)

2023-10-05T09:36:03.380+05:30  INFO 10110 --- [           main] c.e.b.BloodDonationAppApplicationTests   : Starting BloodDonationAppApplicationTests using Java 17.0.7 with PID 10110 (started by aruledwin in /home/aruledwin/Documents/temp_workspace/BloodDonationApp)
2023-10-05T09:36:03.383+05:30  INFO 10110 --- [           main] c.e.b.BloodDonationAppApplicationTests   : No active profile set, falling back to 1 default profile: "default"
2023-10-05T09:36:03.945+05:30  INFO 10110 --- [           main] .s.d.r.c.RepositoryConfigurationDelegate : Bootstrapping Spring Data JPA repositories in DEFAULT mode.
2023-10-05T09:36:04.002+05:30  INFO 10110 --- [           main] .s.d.r.c.RepositoryConfigurationDelegate : Finished Spring Data repository scanning in 50 ms. Found 1 JPA repository interfaces.
2023-10-05T09:36:04.351+05:30  INFO 10110 --- [           main] o.hibernate.jpa.internal.util.LogHelper  : HHH000204: Processing PersistenceUnitInfo [name: default]
2023-10-05T09:36:04.403+05:30  INFO 10110 --- [           main] org.hibernate.Version                    : HHH000412: Hibernate ORM core version 6.2.9.Final
2023-10-05T09:36:04.406+05:30  INFO 10110 --- [           main] org.hibernate.cfg.Environment            : HHH000406: Using bytecode reflection optimizer
2023-10-05T09:36:04.568+05:30  INFO 10110 --- [           main] o.h.b.i.BytecodeProviderInitiator        : HHH000021: Bytecode provider name : bytebuddy
2023-10-05T09:36:04.714+05:30  INFO 10110 --- [           main] o.s.o.j.p.SpringPersistenceUnitInfo      : No LoadTimeWeaver setup: ignoring JPA class transformer
2023-10-05T09:36:04.734+05:30  INFO 10110 --- [           main] com.zaxxer.hikari.HikariDataSource       : HikariPool-1 - Starting...
2023-10-05T09:36:05.241+05:30  INFO 10110 --- [           main] com.zaxxer.hikari.pool.HikariPool        : HikariPool-1 - Added connection com.mysql.cj.jdbc.ConnectionImpl@2905b568
2023-10-05T09:36:05.246+05:30  INFO 10110 --- [           main] com.zaxxer.hikari.HikariDataSource       : HikariPool-1 - Start completed.
2023-10-05T09:36:05.596+05:30  INFO 10110 --- [           main] o.h.b.i.BytecodeProviderInitiator        : HHH000021: Bytecode provider name : bytebuddy
2023-10-05T09:36:06.132+05:30  INFO 10110 --- [           main] o.h.e.t.j.p.i.JtaPlatformInitiator       : HHH000490: Using JtaPlatform implementation: [org.hibernate.engine.transaction.jta.platform.internal.NoJtaPlatform]
2023-10-05T09:36:06.172+05:30  INFO 10110 --- [           main] j.LocalContainerEntityManagerFactoryBean : Initialized JPA EntityManagerFactory for persistence unit 'default'
2023-10-05T09:36:06.568+05:30  WARN 10110 --- [           main] JpaBaseConfiguration$JpaWebConfiguration : spring.jpa.open-in-view is enabled by default. Therefore, database queries may be performed during view rendering. Explicitly configure spring.jpa.open-in-view to disable this warning
2023-10-05T09:36:06.879+05:30  INFO 10110 --- [           main] c.e.b.BloodDonationAppApplicationTests   : Started BloodDonationAppApplicationTests in 3.916 seconds (process running for 5.076)
]]></system-out>
  </testcase>
</testsuite>